<?xml version="1.0" encoding="UTF-8"?>
<testng-results ignored="0" total="3" passed="3" failed="0" skipped="0">
  <reporter-output>
  </reporter-output>
  <suite started-at="2023-10-30T11:45:18 IST" name="Suite" finished-at="2023-10-30T11:45:38 IST" duration-ms="20001">
    <groups>
    </groups>
    <test started-at="2023-10-30T11:45:18 IST" name="Test" finished-at="2023-10-30T11:45:38 IST" duration-ms="20001">
      <class name="TestScript.SwagLogout_01">
        <test-method is-config="true" signature="Setup(java.lang.String,java.lang.String)[pri:0, instance:TestScript.SwagLogout_01@58d75e99]" started-at="2023-10-30T11:45:18 IST" name="Setup" finished-at="2023-10-30T11:45:20 IST" duration-ms="2161" status="PASS">
          <params>
            <param index="0">
              <value>
                <![CDATA[chrome]]>
              </value>
            </param>
            <param index="1">
              <value>
                <![CDATA[https://www.saucedemo.com/]]>
              </value>
            </param>
          </params>
          <reporter-output>
          </reporter-output>
        </test-method> <!-- Setup -->
        <test-method signature="login(java.lang.String,java.lang.String,java.lang.String,java.lang.String,java.lang.String)[pri:0, instance:TestScript.SwagLogout_01@58d75e99]" started-at="2023-10-30T11:45:21 IST" name="login" data-provider="getData" finished-at="2023-10-30T11:45:25 IST" duration-ms="4553" status="PASS">
          <params>
            <param index="0">
              <value>
                <![CDATA[standard_user]]>
              </value>
            </param>
            <param index="1">
              <value>
                <![CDATA[secret_sauce]]>
              </value>
            </param>
            <param index="2">
              <value>
                <![CDATA[Jordan]]>
              </value>
            </param>
            <param index="3">
              <value>
                <![CDATA[Lee]]>
              </value>
            </param>
            <param index="4">
              <value>
                <![CDATA[500017]]>
              </value>
            </param>
          </params>
          <reporter-output>
          </reporter-output>
        </test-method> <!-- login -->
        <test-method signature="cart(java.lang.String,java.lang.String,java.lang.String,java.lang.String,java.lang.String)[pri:1, instance:TestScript.SwagLogout_01@58d75e99]" started-at="2023-10-30T11:45:25 IST" name="cart" data-provider="getData" finished-at="2023-10-30T11:45:35 IST" duration-ms="10076" status="PASS">
          <params>
            <param index="0">
              <value>
                <![CDATA[standard_user]]>
              </value>
            </param>
            <param index="1">
              <value>
                <![CDATA[secret_sauce]]>
              </value>
            </param>
            <param index="2">
              <value>
                <![CDATA[Jordan]]>
              </value>
            </param>
            <param index="3">
              <value>
                <![CDATA[Lee]]>
              </value>
            </param>
            <param index="4">
              <value>
                <![CDATA[500017]]>
              </value>
            </param>
          </params>
          <reporter-output>
          </reporter-output>
        </test-method> <!-- cart -->
        <test-method signature="logout()[pri:2, instance:TestScript.SwagLogout_01@58d75e99]" started-at="2023-10-30T11:45:35 IST" name="logout" finished-at="2023-10-30T11:45:37 IST" duration-ms="2122" status="PASS">
          <reporter-output>
          </reporter-output>
        </test-method> <!-- logout -->
        <test-method is-config="true" signature="tearDown()[pri:0, instance:TestScript.SwagLogout_01@58d75e99]" started-at="2023-10-30T11:45:37 IST" name="tearDown" finished-at="2023-10-30T11:45:38 IST" duration-ms="112" status="PASS">
          <reporter-output>
          </reporter-output>
        </test-method> <!-- tearDown -->
      </class> <!-- TestScript.SwagLogout_01 -->
    </test> <!-- Test -->
  </suite> <!-- Suite -->
</testng-results>
