<?xml version="1.0" encoding="UTF-8"?>
<!-- Generated by org.testng.reporters.JUnitXMLReporter -->
<testsuite hostname="LAPTOP-LTJ2M0O0" failures="0" tests="3" name="Test" time="61.507" errors="0" timestamp="17 Oct 2023 17:58:25 GMT">
  <testcase classname="TestScripts.Maven_Program" name="AmazonPrice" time="9.488"/>
  <testcase classname="TestScripts.Maven_Program" name="MyTrip" time="39.076"/>
  <testcase classname="TestScripts.Maven_Program" name="GoogleSearch" time="9.854"/>
</testsuite> <!-- Test -->
