<?xml version="1.0" encoding="UTF-8"?>
<testng-results ignored="0" total="3" passed="3" failed="0" skipped="0">
  <reporter-output>
  </reporter-output>
  <suite started-at="2023-10-17T23:25:14 IST" name="Suite" finished-at="2023-10-17T23:26:09 IST" duration-ms="55350">
    <groups>
    </groups>
    <test started-at="2023-10-17T23:25:14 IST" name="Test" finished-at="2023-10-17T23:26:09 IST" duration-ms="55350">
      <class name="TestScripts.TestNG">
        <test-method is-config="true" signature="Setup(java.lang.String)[pri:0, instance:TestScripts.TestNG@3c73951]" started-at="2023-10-17T23:25:14 IST" name="Setup" finished-at="2023-10-17T23:25:17 IST" duration-ms="2903" status="PASS">
          <params>
            <param index="0">
              <value>
                <![CDATA[edge]]>
              </value>
            </param>
          </params>
          <reporter-output>
          </reporter-output>
        </test-method> <!-- Setup -->
        <test-method signature="AmazonPrice()[pri:1, instance:TestScripts.TestNG@3c73951]" started-at="2023-10-17T23:25:17 IST" name="AmazonPrice" finished-at="2023-10-17T23:25:26 IST" duration-ms="9327" status="PASS">
          <reporter-output>
          </reporter-output>
        </test-method> <!-- AmazonPrice -->
        <test-method is-config="true" signature="tearDown()[pri:0, instance:TestScripts.TestNG@3c73951]" started-at="2023-10-17T23:25:26 IST" name="tearDown" finished-at="2023-10-17T23:25:26 IST" duration-ms="213" status="PASS">
          <reporter-output>
          </reporter-output>
        </test-method> <!-- tearDown -->
        <test-method is-config="true" signature="Setup(java.lang.String)[pri:0, instance:TestScripts.TestNG@3c73951]" started-at="2023-10-17T23:25:26 IST" name="Setup" finished-at="2023-10-17T23:25:27 IST" duration-ms="749" status="PASS">
          <params>
            <param index="0">
              <value>
                <![CDATA[edge]]>
              </value>
            </param>
          </params>
          <reporter-output>
          </reporter-output>
        </test-method> <!-- Setup -->
        <test-method signature="MyTrip()[pri:2, instance:TestScripts.TestNG@3c73951]" started-at="2023-10-17T23:25:27 IST" name="MyTrip" finished-at="2023-10-17T23:25:56 IST" duration-ms="29529" status="PASS">
          <reporter-output>
          </reporter-output>
        </test-method> <!-- MyTrip -->
        <test-method is-config="true" signature="tearDown()[pri:0, instance:TestScripts.TestNG@3c73951]" started-at="2023-10-17T23:25:56 IST" name="tearDown" finished-at="2023-10-17T23:25:57 IST" duration-ms="319" status="PASS">
          <reporter-output>
          </reporter-output>
        </test-method> <!-- tearDown -->
        <test-method is-config="true" signature="Setup(java.lang.String)[pri:0, instance:TestScripts.TestNG@3c73951]" started-at="2023-10-17T23:25:57 IST" name="Setup" finished-at="2023-10-17T23:25:58 IST" duration-ms="800" status="PASS">
          <params>
            <param index="0">
              <value>
                <![CDATA[edge]]>
              </value>
            </param>
          </params>
          <reporter-output>
          </reporter-output>
        </test-method> <!-- Setup -->
        <test-method signature="GoogleSearch()[pri:3, instance:TestScripts.TestNG@3c73951]" started-at="2023-10-17T23:25:58 IST" name="GoogleSearch" finished-at="2023-10-17T23:26:09 IST" duration-ms="11158" status="PASS">
          <reporter-output>
          </reporter-output>
        </test-method> <!-- GoogleSearch -->
        <test-method is-config="true" signature="tearDown()[pri:0, instance:TestScripts.TestNG@3c73951]" started-at="2023-10-17T23:26:09 IST" name="tearDown" finished-at="2023-10-17T23:26:09 IST" duration-ms="188" status="PASS">
          <reporter-output>
          </reporter-output>
        </test-method> <!-- tearDown -->
      </class> <!-- TestScripts.TestNG -->
    </test> <!-- Test -->
  </suite> <!-- Suite -->
</testng-results>
