<?xml version="1.0" encoding="UTF-8"?>
<testng-results skipped="0" failed="0" ignored="0" total="2" passed="2">
  <reporter-output>
  </reporter-output>
  <suite name="Suite" duration-ms="38004" started-at="2023-11-01T22:44:07 IST" finished-at="2023-11-01T22:44:45 IST">
    <groups>
    </groups>
    <test name="Test" duration-ms="38004" started-at="2023-11-01T22:44:07 IST" finished-at="2023-11-01T22:44:45 IST">
      <class name="TestScripts.Calculator2">
        <test-method status="PASS" signature="Setup()[pri:0, instance:TestScripts.Calculator2@2a742aa2]" name="Setup" is-config="true" duration-ms="9008" started-at="2023-11-01T22:44:29 IST" finished-at="2023-11-01T22:44:38 IST">
          <reporter-output>
          </reporter-output>
        </test-method> <!-- Setup -->
        <test-method status="PASS" signature="AppiumApplcation()[pri:0, instance:TestScripts.Calculator2@2a742aa2]" name="AppiumApplcation" duration-ms="7085" started-at="2023-11-01T22:44:38 IST" finished-at="2023-11-01T22:44:45 IST">
          <reporter-output>
          </reporter-output>
        </test-method> <!-- AppiumApplcation -->
        <test-method status="PASS" signature="TestDown()[pri:0, instance:TestScripts.Calculator2@2a742aa2]" name="TestDown" is-config="true" duration-ms="0" started-at="2023-11-01T22:44:45 IST" finished-at="2023-11-01T22:44:45 IST">
          <reporter-output>
          </reporter-output>
        </test-method> <!-- TestDown -->
      </class> <!-- TestScripts.Calculator2 -->
      <class name="TestScripts.Calculator1">
        <test-method status="PASS" signature="Setup()[pri:0, instance:TestScripts.Calculator1@2f943d71]" name="Setup" is-config="true" duration-ms="10932" started-at="2023-11-01T22:44:07 IST" finished-at="2023-11-01T22:44:18 IST">
          <reporter-output>
          </reporter-output>
        </test-method> <!-- Setup -->
        <test-method status="PASS" signature="AppiumTest()[pri:0, instance:TestScripts.Calculator1@2f943d71]" name="AppiumTest" duration-ms="10921" started-at="2023-11-01T22:44:18 IST" finished-at="2023-11-01T22:44:29 IST">
          <reporter-output>
          </reporter-output>
        </test-method> <!-- AppiumTest -->
        <test-method status="PASS" signature="TestDown()[pri:0, instance:TestScripts.Calculator1@2f943d71]" name="TestDown" is-config="true" duration-ms="0" started-at="2023-11-01T22:44:29 IST" finished-at="2023-11-01T22:44:29 IST">
          <reporter-output>
          </reporter-output>
        </test-method> <!-- TestDown -->
      </class> <!-- TestScripts.Calculator1 -->
    </test> <!-- Test -->
  </suite> <!-- Suite -->
</testng-results>
