<?xml version="1.0" encoding="UTF-8"?>
<testng-results ignored="0" total="2" passed="2" failed="0" skipped="0">
  <reporter-output>
  </reporter-output>
  <suite started-at="2023-11-01T22:34:16 IST" name="Suite" finished-at="2023-11-01T22:35:09 IST" duration-ms="52665">
    <groups>
    </groups>
    <test started-at="2023-11-01T22:34:16 IST" name="Test" finished-at="2023-11-01T22:35:09 IST" duration-ms="52665">
      <class name="TestScripts.Calculator2">
        <test-method is-config="true" signature="Setup()[pri:0, instance:TestScripts.Calculator2@194bcebf]" started-at="2023-11-01T22:34:53 IST" name="Setup" finished-at="2023-11-01T22:35:02 IST" duration-ms="9099" status="PASS">
          <reporter-output>
          </reporter-output>
        </test-method> <!-- Setup -->
        <test-method signature="AppiumApplcation()[pri:0, instance:TestScripts.Calculator2@194bcebf]" started-at="2023-11-01T22:35:02 IST" name="AppiumApplcation" finished-at="2023-11-01T22:35:09 IST" duration-ms="7283" status="PASS">
          <reporter-output>
          </reporter-output>
        </test-method> <!-- AppiumApplcation -->
        <test-method is-config="true" signature="TestDown()[pri:0, instance:TestScripts.Calculator2@194bcebf]" started-at="2023-11-01T22:35:09 IST" name="TestDown" finished-at="2023-11-01T22:35:09 IST" duration-ms="0" status="PASS">
          <reporter-output>
          </reporter-output>
        </test-method> <!-- TestDown -->
      </class> <!-- TestScripts.Calculator2 -->
      <class name="TestScripts.Calculator1">
        <test-method is-config="true" signature="Setup()[pri:0, instance:TestScripts.Calculator1@57cf54e1]" started-at="2023-11-01T22:34:16 IST" name="Setup" finished-at="2023-11-01T22:34:41 IST" duration-ms="24934" status="PASS">
          <reporter-output>
          </reporter-output>
        </test-method> <!-- Setup -->
        <test-method signature="AppiumTest()[pri:0, instance:TestScripts.Calculator1@57cf54e1]" started-at="2023-11-01T22:34:41 IST" name="AppiumTest" finished-at="2023-11-01T22:34:53 IST" duration-ms="11290" status="PASS">
          <reporter-output>
          </reporter-output>
        </test-method> <!-- AppiumTest -->
        <test-method is-config="true" signature="TestDown()[pri:0, instance:TestScripts.Calculator1@57cf54e1]" started-at="2023-11-01T22:34:53 IST" name="TestDown" finished-at="2023-11-01T22:34:53 IST" duration-ms="1" status="PASS">
          <reporter-output>
          </reporter-output>
        </test-method> <!-- TestDown -->
      </class> <!-- TestScripts.Calculator1 -->
    </test> <!-- Test -->
  </suite> <!-- Suite -->
</testng-results>
