<?xml version="1.0" encoding="UTF-8"?>
<testng-results total="3" passed="3" failed="0" skipped="0">
  <reporter-output>
  </reporter-output>
  <suite started-at="2023-10-17T17:57:24Z" name="Suite" finished-at="2023-10-17T17:58:25Z" duration-ms="61507">
    <groups>
    </groups>
    <test started-at="2023-10-17T17:57:24Z" name="Test" finished-at="2023-10-17T17:58:25Z" duration-ms="61507">
      <class name="TestScripts.Maven_Program">
        <test-method is-config="true" signature="Setup(java.lang.String)[pri:0, instance:TestScripts.Maven_Program@6c4980d3]" started-at="2023-10-17T23:27:24Z" name="Setup" finished-at="2023-10-17T23:27:25Z" duration-ms="1038" status="PASS">
          <params>
            <param index="0">
              <value>
                <![CDATA[edge]]>
              </value>
            </param>
          </params>
          <reporter-output>
          </reporter-output>
        </test-method> <!-- Setup -->
        <test-method signature="AmazonPrice()[pri:1, instance:TestScripts.Maven_Program@6c4980d3]" started-at="2023-10-17T23:27:25Z" name="AmazonPrice" finished-at="2023-10-17T23:27:35Z" duration-ms="9488" status="PASS">
          <reporter-output>
          </reporter-output>
        </test-method> <!-- AmazonPrice -->
        <test-method is-config="true" signature="tearDown()[pri:0, instance:TestScripts.Maven_Program@6c4980d3]" started-at="2023-10-17T23:27:35Z" name="tearDown" finished-at="2023-10-17T23:27:35Z" duration-ms="196" status="PASS">
          <reporter-output>
          </reporter-output>
        </test-method> <!-- tearDown -->
        <test-method is-config="true" signature="Setup(java.lang.String)[pri:0, instance:TestScripts.Maven_Program@6c4980d3]" started-at="2023-10-17T23:27:35Z" name="Setup" finished-at="2023-10-17T23:27:35Z" duration-ms="669" status="PASS">
          <params>
            <param index="0">
              <value>
                <![CDATA[edge]]>
              </value>
            </param>
          </params>
          <reporter-output>
          </reporter-output>
        </test-method> <!-- Setup -->
        <test-method signature="MyTrip()[pri:2, instance:TestScripts.Maven_Program@6c4980d3]" started-at="2023-10-17T23:27:35Z" name="MyTrip" finished-at="2023-10-17T23:28:15Z" duration-ms="39076" status="PASS">
          <reporter-output>
          </reporter-output>
        </test-method> <!-- MyTrip -->
        <test-method is-config="true" signature="tearDown()[pri:0, instance:TestScripts.Maven_Program@6c4980d3]" started-at="2023-10-17T23:28:15Z" name="tearDown" finished-at="2023-10-17T23:28:15Z" duration-ms="263" status="PASS">
          <reporter-output>
          </reporter-output>
        </test-method> <!-- tearDown -->
        <test-method is-config="true" signature="Setup(java.lang.String)[pri:0, instance:TestScripts.Maven_Program@6c4980d3]" started-at="2023-10-17T23:28:15Z" name="Setup" finished-at="2023-10-17T23:28:15Z" duration-ms="655" status="PASS">
          <params>
            <param index="0">
              <value>
                <![CDATA[edge]]>
              </value>
            </param>
          </params>
          <reporter-output>
          </reporter-output>
        </test-method> <!-- Setup -->
        <test-method signature="GoogleSearch()[pri:3, instance:TestScripts.Maven_Program@6c4980d3]" started-at="2023-10-17T23:28:15Z" name="GoogleSearch" finished-at="2023-10-17T23:28:25Z" duration-ms="9854" status="PASS">
          <reporter-output>
          </reporter-output>
        </test-method> <!-- GoogleSearch -->
        <test-method is-config="true" signature="tearDown()[pri:0, instance:TestScripts.Maven_Program@6c4980d3]" started-at="2023-10-17T23:28:25Z" name="tearDown" finished-at="2023-10-17T23:28:25Z" duration-ms="174" status="PASS">
          <reporter-output>
          </reporter-output>
        </test-method> <!-- tearDown -->
      </class> <!-- TestScripts.Maven_Program -->
    </test> <!-- Test -->
  </suite> <!-- Suite -->
</testng-results>
