<?xml version="1.0" encoding="UTF-8"?>
<!-- Generated by org.testng.reporters.JUnitXMLReporter -->
<testsuite ignored="0" hostname="LAPTOP-LTJ2M0O0" failures="0" tests="3" name="Test" time="55.35" errors="0" timestamp="2023-10-17T23:26:09 IST">
  <testcase classname="TestScripts.TestNG" name="AmazonPrice" time="9.327"/>
  <testcase classname="TestScripts.TestNG" name="MyTrip" time="29.529"/>
  <testcase classname="TestScripts.TestNG" name="GoogleSearch" time="11.158"/>
</testsuite> <!-- Test -->
